<?xml version="1.0" encoding="UTF-8"?>
<!-- Generated by org.testng.reporters.JUnitReportReporter -->
<testsuite skipped="0" hostname="Dhruba" name="academyTest.HomePageTest" tests="3" failures="0" timestamp="25 Sep 2019 14:08:26 GMT" time="22.693" errors="0">
  <testcase name="validateLogin" time="4.401" classname="academyTest.HomePageTest"/>
  <testcase name="validateLogin" time="13.994" classname="academyTest.HomePageTest"/>
  <testcase name="validateLogin" time="4.298" classname="academyTest.HomePageTest"/>
</testsuite> <!-- academyTest.HomePageTest -->
