<?xml version="1.0" encoding="UTF-8"?>
<!-- Generated by org.testng.reporters.JUnitReportReporter -->
<testsuite skipped="0" hostname="Dhruba" name="academyTest.ValidateNavigationBar" tests="1" failures="0" timestamp="25 Sep 2019 14:08:26 GMT" time="0.068" errors="0">
  <testcase name="validateAppNavigationBar" time="0.068" classname="academyTest.ValidateNavigationBar"/>
</testsuite> <!-- academyTest.ValidateNavigationBar -->
