<?xml version="1.0" encoding="UTF-8"?>
<!-- Generated by org.testng.reporters.JUnitReportReporter -->
<testsuite skipped="0" hostname="Dhruba" name="academyTest.ValidateTitleTest" tests="1" failures="0" timestamp="25 Sep 2019 14:08:26 GMT" time="0.075" errors="0">
  <testcase name="validateAppTitle" time="0.075" classname="academyTest.ValidateTitleTest"/>
</testsuite> <!-- academyTest.ValidateTitleTest -->
